2022-05-24 12:51:49:5149 [31merror[39m: [31mError during Data Source initialization: Failed to connect to semesteruserservice.database.windows.net:1433 - getaddrinfo ENOTFOUND semesteruserservice.database.windows.net[39m
2022-05-24 12:59:21:5921 [31merror[39m: [31mError during Data Source initialization: Cannot open server 'semester6databases' requested by the login. Client with IP address '84.85.70.178' is not allowed to access the server.  To enable access, use the Windows Azure Management Portal or run sp_set_firewall_rule on the master database to create a firewall rule for this IP address or address range.  It may take up to five minutes for this change to take effect.[39m
2022-05-25 07:00:12:012 [31merror[39m: [31mError during Data Source initialization: Cannot open server 'semester6databases' requested by the login. Client with IP address '84.85.70.178' is not allowed to access the server.  To enable access, use the Windows Azure Management Portal or run sp_set_firewall_rule on the master database to create a firewall rule for this IP address or address range.  It may take up to five minutes for this change to take effect.[39m
2022-05-25 07:00:53:053 [32minfo[39m: [32mData Source has been initialized![39m
2022-05-25 07:40:49:4049 [32minfo[39m: [32mData Source has been initialized![39m
2022-05-25 12:45:02:452 [31merror[39m: [31mError during Data Source initialization: Failed to connect to semester6databases.database.windows.net:1433 in 15000ms[39m
2022-05-25 12:45:50:4550 [32minfo[39m: [32mData Source has been initialized![39m
2022-05-25 12:47:30:4730 [32minfo[39m: [32mData Source has been initialized![39m
2022-05-25 12:47:58:4758 [35mhttp[39m: [35mPOST /api/v1/messages/messages 200 131 - 11332.147 ms [39m
[35m[39m
2022-05-25 12:52:13:5213 [32minfo[39m: [32mData Source has been initialized![39m
2022-05-25 12:52:42:5242 [32minfo[39m: [32mData Source has been initialized![39m
2022-05-25 12:53:00:530 [32minfo[39m: [32mData Source has been initialized![39m
2022-05-25 12:53:09:539 [35mhttp[39m: [35mPOST /api/v1/messages/messages 200 129 - 3001.606 ms [39m
[35m[39m
2022-05-25 12:53:13:5313 [35mhttp[39m: [35mPOST /api/v1/messages/messages 200 127 - 279.591 ms [39m
[35m[39m
2022-05-25 12:53:44:5344 [32minfo[39m: [32mData Source has been initialized![39m
2022-05-25 12:53:55:5355 [32minfo[39m: [32mData Source has been initialized![39m
2022-05-25 12:54:45:5445 [32minfo[39m: [32mData Source has been initialized![39m
2022-05-25 12:55:45:5545 [35mhttp[39m: [35mGET /api/v1/messages/messages/search 200 35 - 3604.420 ms [39m
[35m[39m
2022-05-25 12:56:08:568 [35mhttp[39m: [35mGET /api/v1/messages/messages/search 200 35 - 18324.483 ms [39m
[35m[39m
2022-05-25 12:56:41:5641 [35mhttp[39m: [35mGET /api/v1/messages/messages/search 200 35 - 13194.644 ms [39m
[35m[39m
2022-05-25 12:56:42:5642 [32minfo[39m: [32mData Source has been initialized![39m
2022-05-25 12:57:22:5722 [32minfo[39m: [32mData Source has been initialized![39m
2022-05-25 12:57:37:5737 [35mhttp[39m: [35mGET /api/v1/messages/messages/search 200 35 - 8318.069 ms [39m
[35m[39m
2022-05-25 12:57:37:5737 [32minfo[39m: [32mData Source has been initialized![39m
2022-05-25 12:58:27:5827 [32minfo[39m: [32mData Source has been initialized![39m
2022-05-25 12:58:32:5832 [35mhttp[39m: [35mGET /api/v1/messages/messages/search 200 322 - 3050.558 ms [39m
[35m[39m
2022-05-25 12:58:47:5847 [32minfo[39m: [32mData Source has been initialized![39m
2022-05-25 13:11:23:1123 [35mhttp[39m: [35mGET /api/v1/messages/messages/search 200 36 - 766.791 ms [39m
[35m[39m
2022-05-25 13:11:23:1123 [35mhttp[39m: [35mGET /api/v1/messages/messages/search 304 - - 92.434 ms [39m
[35m[39m
2022-05-25 13:11:23:1123 [35mhttp[39m: [35mGET /api/v1/messages/messages/search 304 - - 91.567 ms [39m
[35m[39m
2022-05-25 13:13:37:1337 [35mhttp[39m: [35mGET /api/v1/messages/messages/query=test 404 174 - 4.213 ms [39m
[35m[39m
2022-05-25 13:14:00:140 [32minfo[39m: [32mData Source has been initialized![39m
2022-05-25 13:14:01:141 [35mhttp[39m: [35mGET /api/v1/messages/messages/query=test 404 174 - 2.682 ms [39m
[35m[39m
2022-05-25 13:14:10:1410 [35mhttp[39m: [35mGET /api/v1/messages/messages/query=asdsad 404 176 - 1.086 ms [39m
[35m[39m
2022-05-25 13:14:19:1419 [35mhttp[39m: [35mGET /api/v1/messages/messages/query=asdsad 404 176 - 0.831 ms [39m
[35m[39m
2022-05-25 13:14:26:1426 [32minfo[39m: [32mData Source has been initialized![39m
2022-05-25 13:14:27:1427 [35mhttp[39m: [35mGET /api/v1/messages/messages/query=asdsad 404 176 - 2.968 ms [39m
[35m[39m
2022-05-25 13:14:56:1456 [35mhttp[39m: [35mGET /api/v1/messages/messagesquery=test 404 173 - 0.998 ms [39m
[35m[39m
2022-05-25 13:15:30:1530 [35mhttp[39m: [35mGET /api/v1/messages/messages/search 200 323 - 3030.759 ms [39m
[35m[39m
2022-05-25 13:15:57:1557 [32minfo[39m: [32mData Source has been initialized![39m
2022-05-25 13:16:42:1642 [35mhttp[39m: [35mGET /api/v1/messages/messages/search?query=test 200 323 - 6272.347 ms [39m
[35m[39m
2022-05-25 13:16:53:1653 [32minfo[39m: [32mData Source has been initialized![39m
2022-05-25 13:20:14:2014 [35mhttp[39m: [35mGET /api/v1/messages/messages/search?query=test 304 - - 5316.952 ms [39m
[35m[39m
2022-05-25 13:20:16:2016 [35mhttp[39m: [35mGET /api/v1/messages/messages/search?query= 200 323 - 94.110 ms [39m
[35m[39m
2022-05-25 13:20:18:2018 [35mhttp[39m: [35mGET /api/v1/messages/messages/search?query=2 200 36 - 93.801 ms [39m
[35m[39m
2022-05-25 13:20:20:2020 [35mhttp[39m: [35mGET /api/v1/messages/messages/search?query=test 304 - - 90.662 ms [39m
[35m[39m
2022-05-25 13:20:31:2031 [32minfo[39m: [32mData Source has been initialized![39m
2022-05-25 13:21:49:2149 [32minfo[39m: [32mData Source has been initialized![39m
2022-05-25 13:22:19:2219 [32minfo[39m: [32mData Source has been initialized![39m
2022-05-25 13:23:12:2312 [32minfo[39m: [32mData Source has been initialized![39m
2022-05-25 13:23:58:2358 [32minfo[39m: [32mData Source has been initialized![39m
2022-05-25 13:24:18:2418 [32minfo[39m: [32mData Source has been initialized![39m
2022-05-25 13:26:09:269 [35mhttp[39m: [35mGET /api/v1/messages/messages/latestkweets 404 176 - 3.969 ms [39m
[35m[39m
2022-05-25 13:26:09:269 [35mhttp[39m: [35mGET /api/v1/messages/messages/latestkweets 404 176 - 1.298 ms [39m
[35m[39m
2022-05-25 13:26:45:2645 [32minfo[39m: [32mData Source has been initialized![39m
2022-05-25 13:26:50:2650 [35mhttp[39m: [35mGET /api/v1/messages/messages/latestkweets 404 176 - 4.574 ms [39m
[35m[39m
2022-05-25 13:26:50:2650 [35mhttp[39m: [35mGET /api/v1/messages/messages/latestkweets 404 176 - 7.077 ms [39m
[35m[39m
2022-05-25 13:26:51:2651 [32minfo[39m: [32mData Source has been initialized![39m
2022-05-25 13:26:55:2655 [35mhttp[39m: [35mGET /api/v1/messages/messages/latestkweets 404 176 - 1.097 ms [39m
[35m[39m
2022-05-25 13:26:55:2655 [35mhttp[39m: [35mGET /api/v1/messages/messages/latestkweets 404 176 - 0.835 ms [39m
[35m[39m
2022-05-25 13:27:06:276 [35mhttp[39m: [35mGET /api/v1/messages/messages/latestkweets 404 176 - 0.751 ms [39m
[35m[39m
2022-05-25 13:28:44:2844 [32minfo[39m: [32mData Source has been initialized![39m
2022-05-25 13:29:12:2912 [35mhttp[39m: [35mGET /api/v1/messages/messages/latestkweets 200 36 - 16618.088 ms [39m
[35m[39m
2022-05-25 13:29:16:2916 [35mhttp[39m: [35mGET /api/v1/messages/messages/latestkweets 200 36 - 6729.351 ms [39m
[35m[39m
2022-05-25 13:29:40:2940 [35mhttp[39m: [35mGET /api/v1/messages/messages/latestkweets 304 - - 15458.398 ms [39m
[35m[39m
2022-05-25 13:29:40:2940 [35mhttp[39m: [35mGET /api/v1/messages/messages/latestkweets 200 36 - 12447.695 ms [39m
[35m[39m
2022-05-25 13:29:49:2949 [35mhttp[39m: [35mGET /api/v1/messages/messages/latestkweets 200 36 - 5941.529 ms [39m
[35m[39m
2022-05-25 13:29:52:2952 [35mhttp[39m: [35mGET /api/v1/messages/messages/latestkweets 304 - - 9447.768 ms [39m
[35m[39m
2022-05-25 13:30:40:3040 [32minfo[39m: [32mData Source has been initialized![39m
2022-05-25 13:30:48:3048 [35mhttp[39m: [35mGET /api/v1/messages/messages/latestkweets 200 323 - 4132.125 ms [39m
[35m[39m
2022-05-25 13:30:49:3049 [35mhttp[39m: [35mGET /api/v1/messages/messages/latestkweets 200 323 - 5302.581 ms [39m
[35m[39m
2022-05-25 13:31:03:313 [35mhttp[39m: [35mGET /api/v1/messages/messages/latestkweets 304 - - 91.813 ms [39m
[35m[39m
2022-05-25 13:31:03:313 [35mhttp[39m: [35mGET /api/v1/messages/messages/latestkweets 200 323 - 91.551 ms [39m
[35m[39m
2022-05-25 13:35:04:354 [35mhttp[39m: [35mGET /api/v1/messages/messages/latestkweets 304 - - 747.208 ms [39m
[35m[39m
2022-05-25 13:35:06:356 [35mhttp[39m: [35mGET /api/v1/messages/messages/latestkweets 304 - - 102.287 ms [39m
[35m[39m
2022-05-25 13:35:06:356 [35mhttp[39m: [35mGET /api/v1/messages/messages/latestkweets 200 323 - 209.792 ms [39m
[35m[39m
2022-05-25 13:35:09:359 [35mhttp[39m: [35mGET /api/v1/messages/messages/latestkweets 304 - - 91.041 ms [39m
[35m[39m
2022-05-25 13:35:12:3512 [35mhttp[39m: [35mGET /api/v1/messages/messages/latestkweets 304 - - 93.739 ms [39m
[35m[39m
2022-05-25 13:35:12:3512 [35mhttp[39m: [35mGET /api/v1/messages/messages/latestkweets 200 323 - 91.717 ms [39m
[35m[39m
2022-05-25 13:35:20:3520 [35mhttp[39m: [35mGET /api/v1/messages/messages/latestkweets 304 - - 93.111 ms [39m
[35m[39m
2022-05-25 13:35:22:3522 [35mhttp[39m: [35mGET /api/v1/messages/messages/latestkweets 304 - - 97.618 ms [39m
[35m[39m
2022-05-25 13:35:22:3522 [35mhttp[39m: [35mGET /api/v1/messages/messages/latestkweets 200 323 - 97.996 ms [39m
[35m[39m
2022-05-25 13:35:47:3547 [35mhttp[39m: [35mGET /api/v1/messages/messages/latestkweets 304 - - 93.487 ms [39m
[35m[39m
2022-05-25 13:35:47:3547 [35mhttp[39m: [35mGET /api/v1/messages/messages/latestkweets 200 323 - 95.231 ms [39m
[35m[39m
2022-05-25 13:36:00:360 [35mhttp[39m: [35mGET /api/v1/messages/messages/latestkweets 304 - - 97.639 ms [39m
[35m[39m
2022-05-25 13:36:00:360 [35mhttp[39m: [35mGET /api/v1/messages/messages/latestkweets 200 323 - 99.385 ms [39m
[35m[39m
2022-05-25 13:36:01:361 [35mhttp[39m: [35mGET /api/v1/messages/messages/latestkweets 304 - - 97.031 ms [39m
[35m[39m
2022-05-25 13:36:57:3657 [35mhttp[39m: [35mGET /api/v1/messages/messages/latestkweets 304 - - 722.541 ms [39m
[35m[39m
2022-05-25 13:36:57:3657 [35mhttp[39m: [35mGET /api/v1/messages/messages/latestkweets 200 323 - 694.702 ms [39m
[35m[39m
2022-05-25 13:36:57:3657 [35mhttp[39m: [35mGET /api/v1/messages/messages/latestkweets 200 323 - 660.307 ms [39m
[35m[39m
2022-05-25 13:37:11:3711 [35mhttp[39m: [35mGET /api/v1/messages/messages/latestkweets 304 - - 97.367 ms [39m
[35m[39m
2022-05-25 13:37:19:3719 [35mhttp[39m: [35mGET /api/v1/messages/messages/latestkweets 304 - - 103.889 ms [39m
[35m[39m
2022-05-25 13:37:34:3734 [35mhttp[39m: [35mGET /api/v1/messages/messages/latestkweets 304 - - 98.011 ms [39m
[35m[39m
2022-05-25 13:37:39:3739 [35mhttp[39m: [35mGET /api/v1/messages/messages/latestkweets 304 - - 94.865 ms [39m
[35m[39m
2022-05-25 13:38:16:3816 [35mhttp[39m: [35mGET /api/v1/messages/messages/latestkweets 200 323 - 678.759 ms [39m
[35m[39m
2022-05-25 13:38:17:3817 [32minfo[39m: [32mData Source has been initialized![39m
2022-05-25 13:38:59:3859 [35mhttp[39m: [35mGET /api/v1/messages/messages/latestkweets 304 - - 704.093 ms [39m
[35m[39m
2022-05-25 14:22:56:2256 [35mhttp[39m: [35mGET /api/v1/messages/messages/latestkweets 200 323 - 761.226 ms [39m
[35m[39m
2022-05-25 14:22:56:2256 [35mhttp[39m: [35mGET /api/v1/messages/messages/latestkweets 304 - - 790.257 ms [39m
[35m[39m
